<?xml version="1.0" encoding="UTF-8"?>
<!-- Generated by org.testng.reporters.JUnitReportReporter -->
<testsuite hostname="LAPTOP-P36ABI33" failures="0" tests="1" name="cucumberOptions.TestRunner" time="19.983" errors="0" timestamp="2024-09-25T15:37:56 IST" skipped="0">
  <testcase classname="cucumberOptions.TestRunner" name="runScenario" time="19.983"/>
</testsuite> <!-- cucumberOptions.TestRunner -->
